Build started at 2024-07-24T16:52:07.142669
Main binary: /usr/bin/python3
Build Options: -Ddocdir=/usr/local/share/doc -Dqemu_firmwarepath=/usr/local/share/qemu-firmware -Dqemu_suffix=qemu -Doptimization=0 -Ddebug=true -Dwerror=true -Dstrip=false -Db_pie=true -Db_staticpic=true -Db_coverage=false -Db_lto=false -Dcfi=false -Dcfi_debug=false -Dmalloc=system -Dmalloc_trim=auto -Dsparse=auto -Dkvm=auto -Dhax=auto -Dwhpx=auto -Dhvf=auto -Dxen=disabled -Dxen_pci_passthrough=auto -Dtcg=enabled -Dcocoa=auto -Dgtk=enabled -Dmpath=auto -Dsdl=auto -Dsdl_image=auto -Dvnc=enabled -Dvnc_sasl=auto -Dvnc_jpeg=auto -Dvnc_png=auto -Dgettext=auto -Dxkbcommon=auto -Du2f=auto -Dvirtiofsd=auto -Dcapstone=auto -Dslirp=auto -Dfdt=auto -Dbrlapi=auto -Dcurl=auto -Dglusterfs=auto -Dbzip2=auto -Dlibiscsi=auto -Dlibnfs=auto -Diconv=auto -Dcurses=auto -Dlibudev=auto -Drbd=auto -Dlzo=auto -Dsnappy=auto -Dlzfse=auto -Dzstd=auto -Dseccomp=auto -Dvirtfs=enabled -Dcap_ng=auto -Dattr=auto -Ddefault_devices=true -Ddocs=auto -Dsphinx_build= -Dinstall_blobs=true -Dvhost_user_blk_server=auto -Dmultiprocess=auto -Dfuse=auto -Dfuse_lseek=auto -Dguest_agent_msi=auto -Dtcg_interpreter=false -Dprefix=/usr/local -Dbindir=/usr/local/bin -Ddatadir=/usr/local/share -Dincludedir=/usr/local/include -Dlibdir=/usr/local/lib -Dlibexecdir=/usr/local/libexec -Dlocaledir=/usr/local/share/locale -Dlocalstatedir=/usr/local/var -Dmandir=/usr/local/share/man -Dsysconfdir=/usr/local/etc '--native-file config-meson.cross'
Python system: Linux
The Meson build system
Version: 0.55.3
Source dir: /home/ldeng/qemu_riscv_linux/qemu-6.0.0
Build dir: /home/ldeng/qemu_riscv_linux/qemu-6.0.0/build
Build type: native build
Running command: /usr/bin/head /home/ldeng/qemu_riscv_linux/qemu-6.0.0/VERSION
--- stdout ---
6.0.0

--- stderr ---


None of 'PKG_CONFIG_PATH' are defined in the environment, not changing global flags.
None of 'PKG_CONFIG_PATH' are defined in the environment, not changing global flags.
Project name: qemu
Project version: 6.0.0
None of 'CFLAGS' are defined in the environment, not changing global flags.
None of 'LDFLAGS' are defined in the environment, not changing global flags.
None of 'CPPFLAGS' are defined in the environment, not changing global flags.
None of 'CC_LD' are defined in the environment, not changing global flags.
Sanity testing C compiler: cc
Is cross compiler: False.
None of 'CC_LD' are defined in the environment, not changing global flags.
Sanity check compiler command line: cc /home/ldeng/qemu_riscv_linux/qemu-6.0.0/build/meson-private/sanitycheckc.c -o /home/ldeng/qemu_riscv_linux/qemu-6.0.0/build/meson-private/sanitycheckc.exe -pipe -D_FILE_OFFSET_BITS=64
Sanity check compile stdout:

-----
Sanity check compile stderr:

-----
Running test binary command: /home/ldeng/qemu_riscv_linux/qemu-6.0.0/build/meson-private/sanitycheckc.exe
C compiler for the build machine: cc (gcc 9.4.0 "cc (Ubuntu 9.4.0-1ubuntu1~20.04.2) 9.4.0")
C linker for the build machine: cc ld.bfd 2.34
None of 'CFLAGS' are defined in the environment, not changing global flags.
None of 'LDFLAGS' are defined in the environment, not changing global flags.
None of 'CPPFLAGS' are defined in the environment, not changing global flags.
None of 'CC_LD' are defined in the environment, not changing global flags.
Sanity testing C compiler: cc
Is cross compiler: False.
None of 'CC_LD' are defined in the environment, not changing global flags.
Sanity check compiler command line: cc /home/ldeng/qemu_riscv_linux/qemu-6.0.0/build/meson-private/sanitycheckc.c -o /home/ldeng/qemu_riscv_linux/qemu-6.0.0/build/meson-private/sanitycheckc.exe -pipe -D_FILE_OFFSET_BITS=64
Sanity check compile stdout:

-----
Sanity check compile stderr:

-----
Running test binary command: /home/ldeng/qemu_riscv_linux/qemu-6.0.0/build/meson-private/sanitycheckc.exe
C compiler for the host machine: cc (gcc 9.4.0 "cc (Ubuntu 9.4.0-1ubuntu1~20.04.2) 9.4.0")
C linker for the host machine: cc ld.bfd 2.34
Build machine cpu family: x86_64
Build machine cpu: x86_64
Host machine cpu family: x86_64
Host machine cpu: x86_64
Target machine cpu family: x86_64
Target machine cpu: x86_64
../meson.build:10: WARNING: Module unstable-keyval has no backwards or forwards compatibility and might not exist in future releases.
Program sh found: YES
Program python3 found: YES (/usr/bin/python3)
Program bzip2 found: YES
None of 'CXXFLAGS' are defined in the environment, not changing global flags.
None of 'LDFLAGS' are defined in the environment, not changing global flags.
None of 'CPPFLAGS' are defined in the environment, not changing global flags.
None of 'CXX_LD' are defined in the environment, not changing global flags.
Sanity testing C++ compiler: c++
Is cross compiler: False.
None of 'CXX_LD' are defined in the environment, not changing global flags.
Sanity check compiler command line: c++ /home/ldeng/qemu_riscv_linux/qemu-6.0.0/build/meson-private/sanitycheckcpp.cc -o /home/ldeng/qemu_riscv_linux/qemu-6.0.0/build/meson-private/sanitycheckcpp.exe -pipe -D_FILE_OFFSET_BITS=64
Sanity check compile stdout:

-----
Sanity check compile stderr:

-----
Running test binary command: /home/ldeng/qemu_riscv_linux/qemu-6.0.0/build/meson-private/sanitycheckcpp.exe
C++ compiler for the host machine: c++ (gcc 9.4.0 "c++ (Ubuntu 9.4.0-1ubuntu1~20.04.2) 9.4.0")
C++ linker for the host machine: c++ ld.bfd 2.34
Program cgcc found: NO
None of 'CC_LD' are defined in the environment, not changing global flags.
Running compile:
Working directory:  /home/ldeng/qemu_riscv_linux/qemu-6.0.0/build/meson-private/tmp7bo0fw8w
Command line:  cc /home/ldeng/qemu_riscv_linux/qemu-6.0.0/build/meson-private/tmp7bo0fw8w/testfile.c -o /home/ldeng/qemu_riscv_linux/qemu-6.0.0/build/meson-private/tmp7bo0fw8w/output.exe -pipe -D_FILE_OFFSET_BITS=64 -O0 -Wl,--start-group -lm -Wl,--end-group -Wl,--allow-shlib-undefined 

Code:
 int main(void) { return 0; }

Compiler stdout:
 
Compiler stderr:
 
Library m found: YES
None of 'CC_LD' are defined in the environment, not changing global flags.
Running compile:
Working directory:  /home/ldeng/qemu_riscv_linux/qemu-6.0.0/build/meson-private/tmpyszuzvg5
Command line:  cc /home/ldeng/qemu_riscv_linux/qemu-6.0.0/build/meson-private/tmpyszuzvg5/testfile.c -o /home/ldeng/qemu_riscv_linux/qemu-6.0.0/build/meson-private/tmpyszuzvg5/output.exe -pipe -D_FILE_OFFSET_BITS=64 -O0 -Wl,--start-group -lutil -Wl,--end-group -Wl,--allow-shlib-undefined 

Code:
 int main(void) { return 0; }

Compiler stdout:
 
Compiler stderr:
 
Library util found: YES
Run-time dependency appleframeworks found: NO (tried framework)
Pkg-config binary for MachineChoice.HOST is not cached.
Pkg-config binary for MachineChoice.HOST specified from cross file, native file, or env var as ['pkg-config']
Found pkg-config: /usr/bin/pkg-config (0.29.1)
Determining dependency 'pixman-1' with pkg-config executable '/usr/bin/pkg-config'
PKG_CONFIG_PATH: 
Called `/usr/bin/pkg-config --modversion pixman-1` -> 0
0.38.4
PKG_CONFIG_PATH: 
Called `/usr/bin/pkg-config --cflags pixman-1` -> 0
-I/usr/include/pixman-1
PKG_CONFIG_PATH: 
Called `/usr/bin/pkg-config pixman-1 --libs` -> 0
-L/usr/lib/x86_64-linux-gnu -lpixman-1
PKG_CONFIG_PATH: 
Called `/usr/bin/pkg-config pixman-1 --libs` -> 0
-lpixman-1
None of 'PKG_CONFIG_PATH' are defined in the environment, not changing global flags.
None of 'CXX_LD' are defined in the environment, not changing global flags.
Running compile:
Working directory:  /home/ldeng/qemu_riscv_linux/qemu-6.0.0/build/meson-private/tmpqlquydyp
Command line:  c++ /home/ldeng/qemu_riscv_linux/qemu-6.0.0/build/meson-private/tmpqlquydyp/testfile.cpp -o /home/ldeng/qemu_riscv_linux/qemu-6.0.0/build/meson-private/tmpqlquydyp/output.exe -pipe -D_FILE_OFFSET_BITS=64 -O0 -fpermissive 

Code:
 #include<stdio.h>
        
        int main(void) {
            printf("%ld\n", (long)(sizeof(void *)));
            return 0;
        };
Compiler stdout:
 
Compiler stderr:
 
Program stdout:

8

Program stderr:


Running compile:
Working directory:  /home/ldeng/qemu_riscv_linux/qemu-6.0.0/build/meson-private/tmpzl7evgeo
Command line:  c++ /home/ldeng/qemu_riscv_linux/qemu-6.0.0/build/meson-private/tmpzl7evgeo/testfile.cpp -o /home/ldeng/qemu_riscv_linux/qemu-6.0.0/build/meson-private/tmpzl7evgeo/output.obj -pipe -c -D_FILE_OFFSET_BITS=64 -O0 -fpermissive --print-search-dirs 

Code:
 
Compiler stdout:
 install: /usr/lib/gcc/x86_64-linux-gnu/9/
programs: =/usr/lib/gcc/x86_64-linux-gnu/9/:/usr/lib/gcc/x86_64-linux-gnu/9/:/usr/lib/gcc/x86_64-linux-gnu/:/usr/lib/gcc/x86_64-linux-gnu/9/:/usr/lib/gcc/x86_64-linux-gnu/:/usr/lib/gcc/x86_64-linux-gnu/9/../../../../x86_64-linux-gnu/bin/x86_64-linux-gnu/9/:/usr/lib/gcc/x86_64-linux-gnu/9/../../../../x86_64-linux-gnu/bin/x86_64-linux-gnu/:/usr/lib/gcc/x86_64-linux-gnu/9/../../../../x86_64-linux-gnu/bin/
libraries: =/usr/lib/gcc/x86_64-linux-gnu/9/:/usr/lib/gcc/x86_64-linux-gnu/9/../../../../x86_64-linux-gnu/lib/x86_64-linux-gnu/9/:/usr/lib/gcc/x86_64-linux-gnu/9/../../../../x86_64-linux-gnu/lib/x86_64-linux-gnu/:/usr/lib/gcc/x86_64-linux-gnu/9/../../../../x86_64-linux-gnu/lib/../lib/:/usr/lib/gcc/x86_64-linux-gnu/9/../../../x86_64-linux-gnu/9/:/usr/lib/gcc/x86_64-linux-gnu/9/../../../x86_64-linux-gnu/:/usr/lib/gcc/x86_64-linux-gnu/9/../../../../lib/:/lib/x86_64-linux-gnu/9/:/lib/x86_64-linux-gnu/:/lib/../lib/:/usr/lib/x86_64-linux-gnu/9/:/usr/lib/x86_64-linux-gnu/:/usr/lib/../lib/:/usr/lib/gcc/x86_64-linux-gnu/9/../../../../x86_64-linux-gnu/lib/:/usr/lib/gcc/x86_64-linux-gnu/9/../../../:/lib/:/usr/lib/

Compiler stderr:
 
Run-time dependency pixman-1 found: YES 0.38.4
None of 'CC_LD' are defined in the environment, not changing global flags.
Running compile:
Working directory:  /home/ldeng/qemu_riscv_linux/qemu-6.0.0/build/meson-private/tmpfca24z8c
Command line:  cc /home/ldeng/qemu_riscv_linux/qemu-6.0.0/build/meson-private/tmpfca24z8c/testfile.c -o /home/ldeng/qemu_riscv_linux/qemu-6.0.0/build/meson-private/tmpfca24z8c/output.exe -pipe -D_FILE_OFFSET_BITS=64 -O0 -Wl,--start-group -laio -Wl,--end-group -Wl,--allow-shlib-undefined 

Code:
 int main(void) { return 0; }

Compiler stdout:
 
Compiler stderr:
 /usr/bin/ld: cannot find -laio
collect2: error: ld returned 1 exit status

None of 'CC_LD' are defined in the environment, not changing global flags.
Running compile:
Working directory:  /home/ldeng/qemu_riscv_linux/qemu-6.0.0/build/meson-private/tmpj0pls2ot
Command line:  cc /home/ldeng/qemu_riscv_linux/qemu-6.0.0/build/meson-private/tmpj0pls2ot/testfile.c -o /home/ldeng/qemu_riscv_linux/qemu-6.0.0/build/meson-private/tmpj0pls2ot/output.exe -pipe -D_FILE_OFFSET_BITS=64 -O0 

Code:
 #include<stdio.h>
        
        int main(void) {
            printf("%ld\n", (long)(sizeof(void *)));
            return 0;
        };
Compiler stdout:
 
Compiler stderr:
 
Program stdout:

8

Program stderr:


Running compile:
Working directory:  /home/ldeng/qemu_riscv_linux/qemu-6.0.0/build/meson-private/tmp55vsvnyr
Command line:  cc /home/ldeng/qemu_riscv_linux/qemu-6.0.0/build/meson-private/tmp55vsvnyr/testfile.c -o /home/ldeng/qemu_riscv_linux/qemu-6.0.0/build/meson-private/tmp55vsvnyr/output.obj -pipe -c -D_FILE_OFFSET_BITS=64 -O0 --print-search-dirs 

Code:
 
Compiler stdout:
 install: /usr/lib/gcc/x86_64-linux-gnu/9/
programs: =/usr/lib/gcc/x86_64-linux-gnu/9/:/usr/lib/gcc/x86_64-linux-gnu/9/:/usr/lib/gcc/x86_64-linux-gnu/:/usr/lib/gcc/x86_64-linux-gnu/9/:/usr/lib/gcc/x86_64-linux-gnu/:/usr/lib/gcc/x86_64-linux-gnu/9/../../../../x86_64-linux-gnu/bin/x86_64-linux-gnu/9/:/usr/lib/gcc/x86_64-linux-gnu/9/../../../../x86_64-linux-gnu/bin/x86_64-linux-gnu/:/usr/lib/gcc/x86_64-linux-gnu/9/../../../../x86_64-linux-gnu/bin/
libraries: =/usr/lib/gcc/x86_64-linux-gnu/9/:/usr/lib/gcc/x86_64-linux-gnu/9/../../../../x86_64-linux-gnu/lib/x86_64-linux-gnu/9/:/usr/lib/gcc/x86_64-linux-gnu/9/../../../../x86_64-linux-gnu/lib/x86_64-linux-gnu/:/usr/lib/gcc/x86_64-linux-gnu/9/../../../../x86_64-linux-gnu/lib/../lib/:/usr/lib/gcc/x86_64-linux-gnu/9/../../../x86_64-linux-gnu/9/:/usr/lib/gcc/x86_64-linux-gnu/9/../../../x86_64-linux-gnu/:/usr/lib/gcc/x86_64-linux-gnu/9/../../../../lib/:/lib/x86_64-linux-gnu/9/:/lib/x86_64-linux-gnu/:/lib/../lib/:/usr/lib/x86_64-linux-gnu/9/:/usr/lib/x86_64-linux-gnu/:/usr/lib/../lib/:/usr/lib/gcc/x86_64-linux-gnu/9/../../../../x86_64-linux-gnu/lib/:/usr/lib/gcc/x86_64-linux-gnu/9/../../../:/lib/:/usr/lib/

Compiler stderr:
 
Library aio found: NO
Pkg-config binary for MachineChoice.HOST is cached.
Determining dependency 'zlib' with pkg-config executable '/usr/bin/pkg-config'
PKG_CONFIG_PATH: 
Called `/usr/bin/pkg-config --modversion zlib` -> 0
1.2.11
PKG_CONFIG_PATH: 
Called `/usr/bin/pkg-config --cflags zlib` -> 0

PKG_CONFIG_PATH: 
Called `/usr/bin/pkg-config zlib --libs` -> 0
-L/usr/lib/x86_64-linux-gnu -lz
PKG_CONFIG_PATH: 
Called `/usr/bin/pkg-config zlib --libs` -> 0
-lz
None of 'PKG_CONFIG_PATH' are defined in the environment, not changing global flags.
Run-time dependency zlib found: YES 1.2.11
Pkg-config binary for MachineChoice.HOST is cached.
Determining dependency 'libnfs' with pkg-config executable '/usr/bin/pkg-config'
PKG_CONFIG_PATH: 
Called `/usr/bin/pkg-config --modversion libnfs` -> 1

Run-time dependency libnfs found: NO (tried pkgconfig)
None of 'CC_LD' are defined in the environment, not changing global flags.
Running compile:
Working directory:  /home/ldeng/qemu_riscv_linux/qemu-6.0.0/build/meson-private/tmpvmo7h6s3
Command line:  cc /home/ldeng/qemu_riscv_linux/qemu-6.0.0/build/meson-private/tmpvmo7h6s3/testfile.c -o /home/ldeng/qemu_riscv_linux/qemu-6.0.0/build/meson-private/tmpvmo7h6s3/output.exe -pipe -D_FILE_OFFSET_BITS=64 -O0 -std=gnu99 

Code:
 
  #include <stddef.h>
  #include <sys/types.h>
  #ifdef CONFIG_LIBATTR
  #include <attr/xattr.h>
  #else
  #include <sys/xattr.h>
  #endif
  int main(void) { getxattr(NULL, NULL, NULL, 0); setxattr(NULL, NULL, NULL, 0, 0); return 0; }
Compiler stdout:
 
Compiler stderr:
 
Run-time dependency appleframeworks found: NO (tried framework)
Pkg-config binary for MachineChoice.HOST is cached.
Determining dependency 'libseccomp' with pkg-config executable '/usr/bin/pkg-config'
PKG_CONFIG_PATH: 
Called `/usr/bin/pkg-config --modversion libseccomp` -> 1

Run-time dependency libseccomp found: NO (tried pkgconfig)
Running compile:
Working directory:  /home/ldeng/qemu_riscv_linux/qemu-6.0.0/build/meson-private/tmp9ztnttch
Command line:  cc /home/ldeng/qemu_riscv_linux/qemu-6.0.0/build/meson-private/tmp9ztnttch/testfile.c -pipe -E -P -D_FILE_OFFSET_BITS=64 -P -O0 -std=gnu99 

Code:
 
        #ifdef __has_include
         #if !__has_include("cap-ng.h")
          #error "Header 'cap-ng.h' could not be found"
         #endif
        #else
         #include <cap-ng.h>
        #endif
Compiler stdout:
 
Compiler stderr:
 
Has header "cap-ng.h" : YES 
None of 'CC_LD' are defined in the environment, not changing global flags.
Running compile:
Working directory:  /home/ldeng/qemu_riscv_linux/qemu-6.0.0/build/meson-private/tmpyasqggkq
Command line:  cc /home/ldeng/qemu_riscv_linux/qemu-6.0.0/build/meson-private/tmpyasqggkq/testfile.c -o /home/ldeng/qemu_riscv_linux/qemu-6.0.0/build/meson-private/tmpyasqggkq/output.exe -pipe -D_FILE_OFFSET_BITS=64 -O0 -Wl,--start-group -lcap-ng -Wl,--end-group -Wl,--allow-shlib-undefined 

Code:
 int main(void) { return 0; }

Compiler stdout:
 
Compiler stderr:
 
Library cap-ng found: YES
None of 'CC_LD' are defined in the environment, not changing global flags.
Running compile:
Working directory:  /home/ldeng/qemu_riscv_linux/qemu-6.0.0/build/meson-private/tmp1oos9tga
Command line:  cc /home/ldeng/qemu_riscv_linux/qemu-6.0.0/build/meson-private/tmp1oos9tga/testfile.c -o /home/ldeng/qemu_riscv_linux/qemu-6.0.0/build/meson-private/tmp1oos9tga/output.exe -pipe -D_FILE_OFFSET_BITS=64 -O0 -std=gnu99 -Wl,--start-group -lcap-ng -Wl,--end-group 

Code:
 
   #include <cap-ng.h>
   int main(void)
   {
     capng_capability_to_name(CAPNG_EFFECTIVE);
     return 0;
   }
Compiler stdout:
 
Compiler stderr:
 
Pkg-config binary for MachineChoice.HOST is cached.
Determining dependency 'xkbcommon' with pkg-config executable '/usr/bin/pkg-config'
PKG_CONFIG_PATH: 
Called `/usr/bin/pkg-config --modversion xkbcommon` -> 0
0.10.0
PKG_CONFIG_PATH: 
Called `/usr/bin/pkg-config --cflags xkbcommon` -> 0

PKG_CONFIG_PATH: 
Called `/usr/bin/pkg-config xkbcommon --libs` -> 0
-L/usr/lib/x86_64-linux-gnu -lxkbcommon
PKG_CONFIG_PATH: 
Called `/usr/bin/pkg-config xkbcommon --libs` -> 0
-lxkbcommon
None of 'PKG_CONFIG_PATH' are defined in the environment, not changing global flags.
Run-time dependency xkbcommon found: YES 0.10.0
None of 'CC_LD' are defined in the environment, not changing global flags.
Running compile:
Working directory:  /home/ldeng/qemu_riscv_linux/qemu-6.0.0/build/meson-private/tmpoingwy2m
Command line:  cc /home/ldeng/qemu_riscv_linux/qemu-6.0.0/build/meson-private/tmpoingwy2m/testfile.c -o /home/ldeng/qemu_riscv_linux/qemu-6.0.0/build/meson-private/tmpoingwy2m/output.exe -pipe -D_FILE_OFFSET_BITS=64 -O0 -Wl,--start-group -lrt -Wl,--end-group -Wl,--allow-shlib-undefined 

Code:
 int main(void) { return 0; }

Compiler stdout:
 
Compiler stderr:
 
Library rt found: YES
Pkg-config binary for MachineChoice.HOST is cached.
Determining dependency 'libiscsi' with pkg-config executable '/usr/bin/pkg-config'
PKG_CONFIG_PATH: 
Called `/usr/bin/pkg-config --modversion libiscsi` -> 1

Run-time dependency libiscsi found: NO (tried pkgconfig)
Pkg-config binary for MachineChoice.HOST is cached.
Determining dependency 'libzstd' with pkg-config executable '/usr/bin/pkg-config'
PKG_CONFIG_PATH: 
Called `/usr/bin/pkg-config --modversion libzstd` -> 1

Run-time dependency libzstd found: NO (tried pkgconfig)
Pkg-config binary for MachineChoice.HOST is cached.
Determining dependency 'libcurl' with pkg-config executable '/usr/bin/pkg-config'
PKG_CONFIG_PATH: 
Called `/usr/bin/pkg-config --modversion libcurl` -> 1

Run-time dependency libcurl found: NO (tried pkgconfig)
Pkg-config binary for MachineChoice.HOST is cached.
Determining dependency 'libudev' with pkg-config executable '/usr/bin/pkg-config'
PKG_CONFIG_PATH: 
Called `/usr/bin/pkg-config --modversion libudev` -> 0
245
PKG_CONFIG_PATH: 
Called `/usr/bin/pkg-config --cflags libudev` -> 0

PKG_CONFIG_PATH: 
Called `/usr/bin/pkg-config libudev --libs` -> 0
-L/lib/x86_64-linux-gnu -ludev
PKG_CONFIG_PATH: 
Called `/usr/bin/pkg-config libudev --libs` -> 0
-ludev
None of 'PKG_CONFIG_PATH' are defined in the environment, not changing global flags.
Run-time dependency libudev found: YES 245
None of 'CC_LD' are defined in the environment, not changing global flags.
Running compile:
Working directory:  /home/ldeng/qemu_riscv_linux/qemu-6.0.0/build/meson-private/tmp3lwrgcy6
Command line:  cc /home/ldeng/qemu_riscv_linux/qemu-6.0.0/build/meson-private/tmp3lwrgcy6/testfile.c -o /home/ldeng/qemu_riscv_linux/qemu-6.0.0/build/meson-private/tmp3lwrgcy6/output.exe -pipe -D_FILE_OFFSET_BITS=64 -O0 -Wl,--start-group -lmpathpersist -Wl,--end-group -Wl,--allow-shlib-undefined 

Code:
 int main(void) { return 0; }

Compiler stdout:
 
Compiler stderr:
 /usr/bin/ld: cannot find -lmpathpersist
collect2: error: ld returned 1 exit status

Library mpathpersist found: NO
Pkg-config binary for MachineChoice.HOST is cached.
Determining dependency 'ncursesw' with pkg-config executable '/usr/bin/pkg-config'
PKG_CONFIG_PATH: 
Called `/usr/bin/pkg-config --modversion ncursesw` -> 1

Run-time dependency ncursesw found: NO (tried pkgconfig)
Running compile:
Working directory:  /home/ldeng/qemu_riscv_linux/qemu-6.0.0/build/meson-private/tmpj4j81jzc
Command line:  cc /home/ldeng/qemu_riscv_linux/qemu-6.0.0/build/meson-private/tmpj4j81jzc/testfile.c -pipe -E -P -D_FILE_OFFSET_BITS=64 -P -O0 -std=gnu99 -DNCURSES_WIDECHAR 

Code:
 
        #ifdef __has_include
         #if !__has_include("curses.h")
          #error "Header 'curses.h' could not be found"
         #endif
        #else
         #include <curses.h>
        #endif
Compiler stdout:
 
Compiler stderr:
 /home/ldeng/qemu_riscv_linux/qemu-6.0.0/build/meson-private/tmpj4j81jzc/testfile.c:4:12: error: #error "Header 'curses.h' could not be found"
    4 |           #error "Header 'curses.h' could not be found"
      |            ^~~~~

Has header "curses.h" : NO 
Message: Trying with /usr/include/ncursesw
Running compile:
Working directory:  /home/ldeng/qemu_riscv_linux/qemu-6.0.0/build/meson-private/tmpnwd8clpr
Command line:  cc -I/usr/include/ncursesw /home/ldeng/qemu_riscv_linux/qemu-6.0.0/build/meson-private/tmpnwd8clpr/testfile.c -pipe -E -P -D_FILE_OFFSET_BITS=64 -P -O0 -std=gnu99 -DNCURSES_WIDECHAR 

Code:
 
        #ifdef __has_include
         #if !__has_include("curses.h")
          #error "Header 'curses.h' could not be found"
         #endif
        #else
         #include <curses.h>
        #endif
Compiler stdout:
 
Compiler stderr:
 /home/ldeng/qemu_riscv_linux/qemu-6.0.0/build/meson-private/tmpnwd8clpr/testfile.c:4:12: error: #error "Header 'curses.h' could not be found"
    4 |           #error "Header 'curses.h' could not be found"
      |            ^~~~~

Has header "curses.h" : NO 
None of 'CC_LD' are defined in the environment, not changing global flags.
Running compile:
Working directory:  /home/ldeng/qemu_riscv_linux/qemu-6.0.0/build/meson-private/tmpzfyzan_0
Command line:  cc -I/usr/include/glib-2.0 -I/usr/lib/x86_64-linux-gnu/glib-2.0/include /home/ldeng/qemu_riscv_linux/qemu-6.0.0/build/meson-private/tmpzfyzan_0/testfile.c -o /home/ldeng/qemu_riscv_linux/qemu-6.0.0/build/meson-private/tmpzfyzan_0/output.exe -pipe -D_FILE_OFFSET_BITS=64 -O0 -std=gnu99 -pthread -Wl,--start-group -lgthread-2.0 -lglib-2.0 -liconv -Wl,--end-group 

Code:
 
        #include <iconv.h>
        int main(void) {
          iconv_t conv = iconv_open("WCHAR_T", "UCS-2");
          return conv != (iconv_t) -1;
        }
Compiler stdout:
 
Compiler stderr:
 /usr/bin/ld: cannot find -liconv
collect2: error: ld returned 1 exit status

None of 'CC_LD' are defined in the environment, not changing global flags.
Running compile:
Working directory:  /home/ldeng/qemu_riscv_linux/qemu-6.0.0/build/meson-private/tmpa0yoiry8
Command line:  cc -I/usr/include/glib-2.0 -I/usr/lib/x86_64-linux-gnu/glib-2.0/include /home/ldeng/qemu_riscv_linux/qemu-6.0.0/build/meson-private/tmpa0yoiry8/testfile.c -o /home/ldeng/qemu_riscv_linux/qemu-6.0.0/build/meson-private/tmpa0yoiry8/output.exe -pipe -D_FILE_OFFSET_BITS=64 -O0 -std=gnu99 -pthread -Wl,--start-group -lgthread-2.0 -lglib-2.0 -Wl,--end-group 

Code:
 
        #include <iconv.h>
        int main(void) {
          iconv_t conv = iconv_open("WCHAR_T", "UCS-2");
          return conv != (iconv_t) -1;
        }
Compiler stdout:
 
Compiler stderr:
 
Running compile:
Working directory:  /home/ldeng/qemu_riscv_linux/qemu-6.0.0/build/meson-private/tmpzjxzqn0x
Command line:  cc /home/ldeng/qemu_riscv_linux/qemu-6.0.0/build/meson-private/tmpzjxzqn0x/testfile.c -pipe -E -P -D_FILE_OFFSET_BITS=64 -P -O0 -std=gnu99 

Code:
 
        #ifdef __has_include
         #if !__has_include("brlapi.h")
          #error "Header 'brlapi.h' could not be found"
         #endif
        #else
         #include <brlapi.h>
        #endif
Compiler stdout:
 
Compiler stderr:
 /home/ldeng/qemu_riscv_linux/qemu-6.0.0/build/meson-private/tmpzjxzqn0x/testfile.c:4:12: error: #error "Header 'brlapi.h' could not be found"
    4 |           #error "Header 'brlapi.h' could not be found"
      |            ^~~~~

Has header "brlapi.h" : NO 
Pkg-config binary for MachineChoice.HOST is cached.
Determining dependency 'sdl2' with pkg-config executable '/usr/bin/pkg-config'
PKG_CONFIG_PATH: 
Called `/usr/bin/pkg-config --modversion sdl2` -> 0
2.0.10
PKG_CONFIG_PATH: 
Called `/usr/bin/pkg-config --cflags sdl2` -> 0
-D_REENTRANT -I/usr/include/SDL2
PKG_CONFIG_PATH: 
Called `/usr/bin/pkg-config sdl2 --libs` -> 0
-L/usr/lib/x86_64-linux-gnu -lSDL2
PKG_CONFIG_PATH: 
Called `/usr/bin/pkg-config sdl2 --libs` -> 0
-lSDL2
None of 'PKG_CONFIG_PATH' are defined in the environment, not changing global flags.
Run-time dependency sdl2 found: YES 2.0.10
Pkg-config binary for MachineChoice.HOST is cached.
Determining dependency 'SDL2_image' with pkg-config executable '/usr/bin/pkg-config'
PKG_CONFIG_PATH: 
Called `/usr/bin/pkg-config --modversion SDL2_image` -> 1

Run-time dependency sdl2_image found: NO (tried pkgconfig)
None of 'CC_LD' are defined in the environment, not changing global flags.
Running compile:
Working directory:  /home/ldeng/qemu_riscv_linux/qemu-6.0.0/build/meson-private/tmp59dd4hpp
Command line:  cc /home/ldeng/qemu_riscv_linux/qemu-6.0.0/build/meson-private/tmp59dd4hpp/testfile.c -o /home/ldeng/qemu_riscv_linux/qemu-6.0.0/build/meson-private/tmp59dd4hpp/output.exe -pipe -D_FILE_OFFSET_BITS=64 -O0 -Wl,--start-group -lrados -Wl,--end-group -Wl,--allow-shlib-undefined 

Code:
 int main(void) { return 0; }

Compiler stdout:
 
Compiler stderr:
 /usr/bin/ld: cannot find -lrados
collect2: error: ld returned 1 exit status

Library rados found: NO
Running compile:
Working directory:  /home/ldeng/qemu_riscv_linux/qemu-6.0.0/build/meson-private/tmpm6ocux6f
Command line:  cc /home/ldeng/qemu_riscv_linux/qemu-6.0.0/build/meson-private/tmpm6ocux6f/testfile.c -pipe -E -P -D_FILE_OFFSET_BITS=64 -P -O0 -std=gnu99 

Code:
 
        #ifdef __has_include
         #if !__has_include("rbd/librbd.h")
          #error "Header 'rbd/librbd.h' could not be found"
         #endif
        #else
         #include <rbd/librbd.h>
        #endif
Compiler stdout:
 
Compiler stderr:
 /home/ldeng/qemu_riscv_linux/qemu-6.0.0/build/meson-private/tmpm6ocux6f/testfile.c:4:12: error: #error "Header 'rbd/librbd.h' could not be found"
    4 |           #error "Header 'rbd/librbd.h' could not be found"
      |            ^~~~~

Has header "rbd/librbd.h" : NO 
Pkg-config binary for MachineChoice.HOST is cached.
Determining dependency 'glusterfs-api' with pkg-config executable '/usr/bin/pkg-config'
PKG_CONFIG_PATH: 
Called `/usr/bin/pkg-config --modversion glusterfs-api` -> 1

Run-time dependency glusterfs-api found: NO (tried pkgconfig)
Running compile:
Working directory:  /home/ldeng/qemu_riscv_linux/qemu-6.0.0/build/meson-private/tmp2si0o2kc
Command line:  cc /home/ldeng/qemu_riscv_linux/qemu-6.0.0/build/meson-private/tmp2si0o2kc/testfile.c -pipe -E -P -D_FILE_OFFSET_BITS=64 -P -O0 -std=gnu99 

Code:
 
        #ifdef __has_include
         #if !__has_include("bzlib.h")
          #error "Header 'bzlib.h' could not be found"
         #endif
        #else
         #include <bzlib.h>
        #endif
Compiler stdout:
 
Compiler stderr:
 /home/ldeng/qemu_riscv_linux/qemu-6.0.0/build/meson-private/tmp2si0o2kc/testfile.c:4:12: error: #error "Header 'bzlib.h' could not be found"
    4 |           #error "Header 'bzlib.h' could not be found"
      |            ^~~~~

Has header "bzlib.h" : NO 
Running compile:
Working directory:  /home/ldeng/qemu_riscv_linux/qemu-6.0.0/build/meson-private/tmp2lxyapqz
Command line:  cc /home/ldeng/qemu_riscv_linux/qemu-6.0.0/build/meson-private/tmp2lxyapqz/testfile.c -pipe -E -P -D_FILE_OFFSET_BITS=64 -P -O0 -std=gnu99 

Code:
 
        #ifdef __has_include
         #if !__has_include("lzfse.h")
          #error "Header 'lzfse.h' could not be found"
         #endif
        #else
         #include <lzfse.h>
        #endif
Compiler stdout:
 
Compiler stderr:
 /home/ldeng/qemu_riscv_linux/qemu-6.0.0/build/meson-private/tmp2lxyapqz/testfile.c:4:12: error: #error "Header 'lzfse.h' could not be found"
    4 |           #error "Header 'lzfse.h' could not be found"
      |            ^~~~~

Has header "lzfse.h" : NO 
Pkg-config binary for MachineChoice.HOST is cached.
Determining dependency 'gtk+-3.0' with pkg-config executable '/usr/bin/pkg-config'
PKG_CONFIG_PATH: 
Called `/usr/bin/pkg-config --modversion gtk+-3.0` -> 0
3.24.20
PKG_CONFIG_PATH: 
Called `/usr/bin/pkg-config --cflags gtk+-3.0` -> 0
-pthread -I/usr/include/gtk-3.0 -I/usr/include/at-spi2-atk/2.0 -I/usr/include/at-spi-2.0 -I/usr/include/dbus-1.0 -I/usr/lib/x86_64-linux-gnu/dbus-1.0/include -I/usr/include/gtk-3.0 -I/usr/include/gio-unix-2.0 -I/usr/include/cairo -I/usr/include/pango-1.0 -I/usr/include/fribidi -I/usr/include/harfbuzz -I/usr/include/atk-1.0 -I/usr/include/cairo -I/usr/include/pixman-1 -I/usr/include/uuid -I/usr/include/freetype2 -I/usr/include/libpng16 -I/usr/include/gdk-pixbuf-2.0 -I/usr/include/libmount -I/usr/include/blkid -I/usr/include/glib-2.0 -I/usr/lib/x86_64-linux-gnu/glib-2.0/include
PKG_CONFIG_PATH: 
Called `/usr/bin/pkg-config gtk+-3.0 --libs` -> 0
-L/usr/lib/x86_64-linux-gnu -lgtk-3 -lgdk-3 -lpangocairo-1.0 -lpango-1.0 -lharfbuzz -latk-1.0 -lcairo-gobject -lcairo -lgdk_pixbuf-2.0 -lgio-2.0 -lgobject-2.0 -lglib-2.0
PKG_CONFIG_PATH: 
Called `/usr/bin/pkg-config gtk+-3.0 --libs` -> 0
-lgtk-3 -lgdk-3 -lpangocairo-1.0 -lpango-1.0 -lharfbuzz -latk-1.0 -lcairo-gobject -lcairo -lgdk_pixbuf-2.0 -lgio-2.0 -lgobject-2.0 -lglib-2.0
None of 'PKG_CONFIG_PATH' are defined in the environment, not changing global flags.
Run-time dependency gtk+-3.0 found: YES 3.24.20
Pkg-config binary for MachineChoice.HOST is cached.
Determining dependency 'gtk+-x11-3.0' with pkg-config executable '/usr/bin/pkg-config'
PKG_CONFIG_PATH: 
Called `/usr/bin/pkg-config --modversion gtk+-x11-3.0` -> 0
3.24.20
PKG_CONFIG_PATH: 
Called `/usr/bin/pkg-config --cflags gtk+-x11-3.0` -> 0
-pthread -I/usr/include/gtk-3.0 -I/usr/include/at-spi2-atk/2.0 -I/usr/include/at-spi-2.0 -I/usr/include/dbus-1.0 -I/usr/lib/x86_64-linux-gnu/dbus-1.0/include -I/usr/include/gtk-3.0 -I/usr/include/gio-unix-2.0 -I/usr/include/cairo -I/usr/include/pango-1.0 -I/usr/include/fribidi -I/usr/include/harfbuzz -I/usr/include/atk-1.0 -I/usr/include/cairo -I/usr/include/pixman-1 -I/usr/include/uuid -I/usr/include/freetype2 -I/usr/include/libpng16 -I/usr/include/gdk-pixbuf-2.0 -I/usr/include/libmount -I/usr/include/blkid -I/usr/include/glib-2.0 -I/usr/lib/x86_64-linux-gnu/glib-2.0/include
PKG_CONFIG_PATH: 
Called `/usr/bin/pkg-config gtk+-x11-3.0 --libs` -> 0
-L/usr/lib/x86_64-linux-gnu -lgtk-3 -lgdk-3 -lpangocairo-1.0 -lpango-1.0 -lharfbuzz -latk-1.0 -lcairo-gobject -lcairo -lgdk_pixbuf-2.0 -lgio-2.0 -lgobject-2.0 -lglib-2.0
PKG_CONFIG_PATH: 
Called `/usr/bin/pkg-config gtk+-x11-3.0 --libs` -> 0
-lgtk-3 -lgdk-3 -lpangocairo-1.0 -lpango-1.0 -lharfbuzz -latk-1.0 -lcairo-gobject -lcairo -lgdk_pixbuf-2.0 -lgio-2.0 -lgobject-2.0 -lglib-2.0
None of 'PKG_CONFIG_PATH' are defined in the environment, not changing global flags.
Run-time dependency gtk+-x11-3.0 found: YES 3.24.20
Pkg-config binary for MachineChoice.HOST is cached.
Determining dependency 'x11' with pkg-config executable '/usr/bin/pkg-config'
PKG_CONFIG_PATH: 
Called `/usr/bin/pkg-config --modversion x11` -> 0
1.6.9
PKG_CONFIG_PATH: 
Called `/usr/bin/pkg-config --cflags x11` -> 0

PKG_CONFIG_PATH: 
Called `/usr/bin/pkg-config x11 --libs` -> 0
-L/usr/lib/x86_64-linux-gnu -lX11
PKG_CONFIG_PATH: 
Called `/usr/bin/pkg-config x11 --libs` -> 0
-lX11
None of 'PKG_CONFIG_PATH' are defined in the environment, not changing global flags.
Run-time dependency x11 found: YES 1.6.9
Pkg-config binary for MachineChoice.HOST is cached.
Determining dependency 'libpng' with pkg-config executable '/usr/bin/pkg-config'
PKG_CONFIG_PATH: 
Called `/usr/bin/pkg-config --modversion libpng` -> 0
1.6.37
PKG_CONFIG_PATH: 
Called `/usr/bin/pkg-config --cflags libpng` -> 0
-I/usr/include/libpng16
PKG_CONFIG_PATH: 
Called `/usr/bin/pkg-config libpng --libs` -> 0
-L/usr/lib/x86_64-linux-gnu -lpng16 -lz
PKG_CONFIG_PATH: 
Called `/usr/bin/pkg-config libpng --libs` -> 0
-lpng16 -lz
None of 'PKG_CONFIG_PATH' are defined in the environment, not changing global flags.
Run-time dependency libpng found: YES 1.6.37
Pkg-config binary for MachineChoice.HOST is cached.
Determining dependency 'libjpeg' with pkg-config executable '/usr/bin/pkg-config'
PKG_CONFIG_PATH: 
Called `/usr/bin/pkg-config --modversion libjpeg` -> 1

Run-time dependency libjpeg found: NO (tried pkgconfig)
Running compile:
Working directory:  /home/ldeng/qemu_riscv_linux/qemu-6.0.0/build/meson-private/tmpn007qr4u
Command line:  cc /home/ldeng/qemu_riscv_linux/qemu-6.0.0/build/meson-private/tmpn007qr4u/testfile.c -pipe -E -P -D_FILE_OFFSET_BITS=64 -P -O0 -std=gnu99 

Code:
 
        #ifdef __has_include
         #if !__has_include("sasl/sasl.h")
          #error "Header 'sasl/sasl.h' could not be found"
         #endif
        #else
         #include <sasl/sasl.h>
        #endif
Compiler stdout:
 
Compiler stderr:
 /home/ldeng/qemu_riscv_linux/qemu-6.0.0/build/meson-private/tmpn007qr4u/testfile.c:4:12: error: #error "Header 'sasl/sasl.h' could not be found"
    4 |           #error "Header 'sasl/sasl.h' could not be found"
      |            ^~~~~

Has header "sasl/sasl.h" : NO 
Running compile:
Working directory:  /home/ldeng/qemu_riscv_linux/qemu-6.0.0/build/meson-private/tmpkao2zu8q
Command line:  cc /home/ldeng/qemu_riscv_linux/qemu-6.0.0/build/meson-private/tmpkao2zu8q/testfile.c -pipe -E -P -D_FILE_OFFSET_BITS=64 -P -O0 -std=gnu99 

Code:
 
        #ifdef __has_include
         #if !__has_include("snappy-c.h")
          #error "Header 'snappy-c.h' could not be found"
         #endif
        #else
         #include <snappy-c.h>
        #endif
Compiler stdout:
 
Compiler stderr:
 /home/ldeng/qemu_riscv_linux/qemu-6.0.0/build/meson-private/tmpkao2zu8q/testfile.c:4:12: error: #error "Header 'snappy-c.h' could not be found"
    4 |           #error "Header 'snappy-c.h' could not be found"
      |            ^~~~~

Has header "snappy-c.h" : NO 
Running compile:
Working directory:  /home/ldeng/qemu_riscv_linux/qemu-6.0.0/build/meson-private/tmpnylofn8p
Command line:  cc /home/ldeng/qemu_riscv_linux/qemu-6.0.0/build/meson-private/tmpnylofn8p/testfile.c -pipe -E -P -D_FILE_OFFSET_BITS=64 -P -O0 -std=gnu99 

Code:
 
        #ifdef __has_include
         #if !__has_include("lzo/lzo1x.h")
          #error "Header 'lzo/lzo1x.h' could not be found"
         #endif
        #else
         #include <lzo/lzo1x.h>
        #endif
Compiler stdout:
 
Compiler stderr:
 /home/ldeng/qemu_riscv_linux/qemu-6.0.0/build/meson-private/tmpnylofn8p/testfile.c:4:12: error: #error "Header 'lzo/lzo1x.h' could not be found"
    4 |           #error "Header 'lzo/lzo1x.h' could not be found"
      |            ^~~~~

Has header "lzo/lzo1x.h" : NO 
Pkg-config binary for MachineChoice.HOST is cached.
Determining dependency 'u2f-emu' with pkg-config executable '/usr/bin/pkg-config'
PKG_CONFIG_PATH: 
Called `/usr/bin/pkg-config --modversion u2f-emu` -> 1

Run-time dependency u2f-emu found: NO (tried pkgconfig)
Pkg-config binary for MachineChoice.HOST is cached.
Determining dependency 'libkeyutils' with pkg-config executable '/usr/bin/pkg-config'
PKG_CONFIG_PATH: 
Called `/usr/bin/pkg-config --modversion libkeyutils` -> 1

Run-time dependency libkeyutils found: NO (tried pkgconfig)
None of 'CC_LD' are defined in the environment, not changing global flags.
Running compile:
Working directory:  /home/ldeng/qemu_riscv_linux/qemu-6.0.0/build/meson-private/tmpw5821ojq
Command line:  cc /home/ldeng/qemu_riscv_linux/qemu-6.0.0/build/meson-private/tmpw5821ojq/testfile.c -o /home/ldeng/qemu_riscv_linux/qemu-6.0.0/build/meson-private/tmpw5821ojq/output.exe -pipe -D_FILE_OFFSET_BITS=64 -O0 -std=gnu99 

Code:
 
        #define gettid meson_disable_define_of_gettid
        
        #include <limits.h>
        #undef gettid
        
        #ifdef __cplusplus
        extern "C"
        #endif
        char gettid (void);
        
        #if defined __stub_gettid || defined __stub___gettid
        fail fail fail this function is not going to work
        #endif
        
        int main(void) {
          return gettid ();
        }
Compiler stdout:
 
Compiler stderr:
 
Checking for function "gettid" : YES 
None of 'CC_LD' are defined in the environment, not changing global flags.
Running compile:
Working directory:  /home/ldeng/qemu_riscv_linux/qemu-6.0.0/build/meson-private/tmpwau6rywy
Command line:  cc /home/ldeng/qemu_riscv_linux/qemu-6.0.0/build/meson-private/tmpwau6rywy/testfile.c -o /home/ldeng/qemu_riscv_linux/qemu-6.0.0/build/meson-private/tmpwau6rywy/output.exe -pipe -D_FILE_OFFSET_BITS=64 -O0 -std=gnu99 

Code:
 #include <malloc.h>
                int main(void) { malloc_trim(0); return 0; }
Compiler stdout:
 
Compiler stderr:
 
None of 'CC_LD' are defined in the environment, not changing global flags.
Running compile:
Working directory:  /home/ldeng/qemu_riscv_linux/qemu-6.0.0/build/meson-private/tmpwxe6pqzr
Command line:  cc /home/ldeng/qemu_riscv_linux/qemu-6.0.0/build/meson-private/tmpwxe6pqzr/testfile.c -o /home/ldeng/qemu_riscv_linux/qemu-6.0.0/build/meson-private/tmpwxe6pqzr/output.exe -pipe -D_FILE_OFFSET_BITS=64 -O0 -std=gnu99 

Code:
 
  #ifndef _GNU_SOURCE
  #define _GNU_SOURCE
  #endif
  #include <sys/stat.h>
  int main(void) {
    struct statx statxbuf;
    statx(0, "", 0, STATX_BASIC_STATS, &statxbuf);
    return 0;
  }
Compiler stdout:
 
Compiler stderr:
 
Pkg-config binary for MachineChoice.HOST is cached.
Determining dependency 'fuse3' with pkg-config executable '/usr/bin/pkg-config'
PKG_CONFIG_PATH: 
Called `/usr/bin/pkg-config --modversion fuse3` -> 1

Run-time dependency fuse3 found: NO (tried pkgconfig)
Running compile:
Working directory:  /home/ldeng/qemu_riscv_linux/qemu-6.0.0/build/meson-private/tmpn29qkiqu
Command line:  cc /home/ldeng/qemu_riscv_linux/qemu-6.0.0/build/meson-private/tmpn29qkiqu/testfile.c -pipe -E -P -D_FILE_OFFSET_BITS=64 -P -O0 -std=gnu99 

Code:
 
        #ifdef __has_include
         #if !__has_include("linux/btrfs.h")
          #error "Header 'linux/btrfs.h' could not be found"
         #endif
        #else
         #include <linux/btrfs.h>
        #endif
Compiler stdout:
 
Compiler stderr:
 
Has header "linux/btrfs.h" : YES 
Running compile:
Working directory:  /home/ldeng/qemu_riscv_linux/qemu-6.0.0/build/meson-private/tmpjybh4qis
Command line:  cc /home/ldeng/qemu_riscv_linux/qemu-6.0.0/build/meson-private/tmpjybh4qis/testfile.c -pipe -E -P -D_FILE_OFFSET_BITS=64 -P -O0 -std=gnu99 

Code:
 
        #ifdef __has_include
         #if !__has_include("libdrm/drm.h")
          #error "Header 'libdrm/drm.h' could not be found"
         #endif
        #else
         #include <libdrm/drm.h>
        #endif
Compiler stdout:
 
Compiler stderr:
 /home/ldeng/qemu_riscv_linux/qemu-6.0.0/build/meson-private/tmpjybh4qis/testfile.c:4:12: error: #error "Header 'libdrm/drm.h' could not be found"
    4 |           #error "Header 'libdrm/drm.h' could not be found"
      |            ^~~~~

Has header "libdrm/drm.h" : NO 
Running compile:
Working directory:  /home/ldeng/qemu_riscv_linux/qemu-6.0.0/build/meson-private/tmpa69_qza3
Command line:  cc /home/ldeng/qemu_riscv_linux/qemu-6.0.0/build/meson-private/tmpa69_qza3/testfile.c -pipe -E -P -D_FILE_OFFSET_BITS=64 -P -O0 -std=gnu99 

Code:
 
        #ifdef __has_include
         #if !__has_include("pty.h")
          #error "Header 'pty.h' could not be found"
         #endif
        #else
         #include <pty.h>
        #endif
Compiler stdout:
 
Compiler stderr:
 
Has header "pty.h" : YES 
Running compile:
Working directory:  /home/ldeng/qemu_riscv_linux/qemu-6.0.0/build/meson-private/tmpneypa14a
Command line:  cc /home/ldeng/qemu_riscv_linux/qemu-6.0.0/build/meson-private/tmpneypa14a/testfile.c -pipe -E -P -D_FILE_OFFSET_BITS=64 -P -O0 -std=gnu99 

Code:
 
        #ifdef __has_include
         #if !__has_include("sys/ioccom.h")
          #error "Header 'sys/ioccom.h' could not be found"
         #endif
        #else
         #include <sys/ioccom.h>
        #endif
Compiler stdout:
 
Compiler stderr:
 /home/ldeng/qemu_riscv_linux/qemu-6.0.0/build/meson-private/tmpneypa14a/testfile.c:4:12: error: #error "Header 'sys/ioccom.h' could not be found"
    4 |           #error "Header 'sys/ioccom.h' could not be found"
      |            ^~~~~

Has header "sys/ioccom.h" : NO 
Running compile:
Working directory:  /home/ldeng/qemu_riscv_linux/qemu-6.0.0/build/meson-private/tmpa8jnu5z4
Command line:  cc /home/ldeng/qemu_riscv_linux/qemu-6.0.0/build/meson-private/tmpa8jnu5z4/testfile.c -pipe -E -P -D_FILE_OFFSET_BITS=64 -P -O0 -std=gnu99 

Code:
 
        #ifdef __has_include
         #if !__has_include("sys/kcov.h")
          #error "Header 'sys/kcov.h' could not be found"
         #endif
        #else
         #include <sys/kcov.h>
        #endif
Compiler stdout:
 
Compiler stderr:
 /home/ldeng/qemu_riscv_linux/qemu-6.0.0/build/meson-private/tmpa8jnu5z4/testfile.c:4:12: error: #error "Header 'sys/kcov.h' could not be found"
    4 |           #error "Header 'sys/kcov.h' could not be found"
      |            ^~~~~

Has header "sys/kcov.h" : NO 
None of 'CC_LD' are defined in the environment, not changing global flags.
Running compile:
Working directory:  /home/ldeng/qemu_riscv_linux/qemu-6.0.0/build/meson-private/tmp4htq34ko
Command line:  cc /home/ldeng/qemu_riscv_linux/qemu-6.0.0/build/meson-private/tmp4htq34ko/testfile.c -o /home/ldeng/qemu_riscv_linux/qemu-6.0.0/build/meson-private/tmp4htq34ko/output.exe -pipe -D_FILE_OFFSET_BITS=64 -O0 -std=gnu99 

Code:
 #include <stdlib.h>
#include <limits.h>

        #if defined __stub_system || defined __stub___system
        fail fail fail this function is not going to work
        #endif
        
int main(void) {
            void *a = (void*) &system;
            long long b = (long long) a;
            return (int) b;
        }
Compiler stdout:
 
Compiler stderr:
 
Checking for function "system" : YES 
None of 'CC_LD' are defined in the environment, not changing global flags.
Running compile:
Working directory:  /home/ldeng/qemu_riscv_linux/qemu-6.0.0/build/meson-private/tmpa8gafgax
Command line:  cc /home/ldeng/qemu_riscv_linux/qemu-6.0.0/build/meson-private/tmpa8gafgax/testfile.c -o /home/ldeng/qemu_riscv_linux/qemu-6.0.0/build/meson-private/tmpa8gafgax/output.exe -pipe -D_FILE_OFFSET_BITS=64 -O0 -std=gnu99 

Code:
 #include <sys/uio.h>
#include <limits.h>

        #if defined __stub_preadv || defined __stub___preadv
        fail fail fail this function is not going to work
        #endif
        
int main(void) {
            void *a = (void*) &preadv;
            long long b = (long long) a;
            return (int) b;
        }
Compiler stdout:
 
Compiler stderr:
 
Checking for function "preadv" : YES 
Program scripts/minikconf.py found: YES
Configuring riscv64-softmmu-config-target.h using configuration
Configuring riscv64-softmmu-config-devices.mak with command
Running command: /usr/bin/python3 /home/ldeng/qemu_riscv_linux/qemu-6.0.0/scripts/minikconf.py --defconfig riscv64-softmmu-config-devices.mak /home/ldeng/qemu_riscv_linux/qemu-6.0.0/build/meson-private/riscv64-softmmu-config-devices.mak.d /home/ldeng/qemu_riscv_linux/qemu-6.0.0/default-configs/devices/riscv64-softmmu.mak /home/ldeng/qemu_riscv_linux/qemu-6.0.0/Kconfig CONFIG_TPM=y CONFIG_IVSHMEM=y CONFIG_OPENGL=y CONFIG_X11=y CONFIG_VHOST_USER=y CONFIG_VHOST_VDPA=y CONFIG_VHOST_KERNEL=y CONFIG_VIRTFS=y CONFIG_LINUX=y CONFIG_MULTIPROCESS_ALLOWED=y CONFIG_TCG=y
--- stdout ---
CONFIG_AC97=y
CONFIG_AHCI=y
CONFIG_AHCI_ICH9=y
CONFIG_ARM_COMPATIBLE_SEMIHOSTING=y
CONFIG_ATI_VGA=y
CONFIG_BITBANG_I2C=y
CONFIG_BOCHS_DISPLAY=y
CONFIG_CADENCE=y
CONFIG_CADENCE_SDHCI=y
CONFIG_CAN_BUS=y
CONFIG_CAN_CTUCANFD=y
CONFIG_CAN_CTUCANFD_PCI=y
CONFIG_CAN_PCI=y
CONFIG_CAN_SJA1000=y
CONFIG_DDC=y
CONFIG_E1000E_PCI_EXPRESS=y
CONFIG_E1000_PCI=y
CONFIG_EDID=y
CONFIG_EDU=y
CONFIG_EEPRO100_PCI=y
CONFIG_ES1370=y
CONFIG_ESP=y
CONFIG_ESP_PCI=y
CONFIG_FSDEV_9P=y
CONFIG_FW_CFG_DMA=y
CONFIG_GENERIC_LOADER=y
CONFIG_GOLDFISH_RTC=y
CONFIG_GUEST_LOADER=y
CONFIG_HDA=y
CONFIG_HTIF=y
CONFIG_I2C=y
CONFIG_I82801B11=y
CONFIG_IDE_CORE=y
CONFIG_IDE_QDEV=y
CONFIG_IMX_USBPHY=y
CONFIG_IOH3420=y
CONFIG_IPACK=y
CONFIG_IVSHMEM_DEVICE=y
CONFIG_LSI_SCSI_PCI=y
CONFIG_MCHP_PFSOC_DMC=y
CONFIG_MCHP_PFSOC_IOSCB=y
CONFIG_MCHP_PFSOC_MMUART=y
CONFIG_MCHP_PFSOC_SYSREG=y
CONFIG_MEGASAS_SCSI_PCI=y
CONFIG_MICROCHIP_PFSOC=y
CONFIG_MPTSAS_SCSI_PCI=y
CONFIG_MSI_NONBROKEN=y
CONFIG_NE2000_COMMON=y
CONFIG_NE2000_PCI=y
CONFIG_NMC93XX_EEPROM=y
CONFIG_NVME_PCI=y
CONFIG_PCI=y
CONFIG_PCIE_PORT=y
CONFIG_PCI_DEVICES=y
CONFIG_PCI_EXPRESS=y
CONFIG_PCI_EXPRESS_GENERIC_BRIDGE=y
CONFIG_PCI_TESTDEV=y
CONFIG_PCNET_COMMON=y
CONFIG_PCNET_PCI=y
CONFIG_PFLASH_CFI01=y
CONFIG_PVPANIC_COMMON=y
CONFIG_PVPANIC_PCI=y
CONFIG_QUARD_STAR=y
CONFIG_RISCV_VIRT=y
CONFIG_ROCKER=y
CONFIG_RTL8139_PCI=y
CONFIG_SCSI=y
CONFIG_SD=y
CONFIG_SDHCI=y
CONFIG_SDHCI_PCI=y
CONFIG_SEMIHOSTING=y
CONFIG_SERIAL=y
CONFIG_SERIAL_PCI=y
CONFIG_SERIAL_PCI_MULTI=y
CONFIG_SIFIVE_CLINT=y
CONFIG_SIFIVE_E=y
CONFIG_SIFIVE_E_PRCI=y
CONFIG_SIFIVE_GPIO=y
CONFIG_SIFIVE_PDMA=y
CONFIG_SIFIVE_PLIC=y
CONFIG_SIFIVE_SPI=y
CONFIG_SIFIVE_TEST=y
CONFIG_SIFIVE_U=y
CONFIG_SIFIVE_UART=y
CONFIG_SIFIVE_U_OTP=y
CONFIG_SIFIVE_U_PRCI=y
CONFIG_SPIKE=y
CONFIG_SSI=y
CONFIG_SSI_M25P80=y
CONFIG_SSI_SD=y
CONFIG_TEST_DEVICES=y
CONFIG_TULIP=y
CONFIG_UNIMP=y
CONFIG_USB=y
CONFIG_USB_AUDIO=y
CONFIG_USB_EHCI=y
CONFIG_USB_EHCI_PCI=y
CONFIG_USB_NETWORK=y
CONFIG_USB_OHCI=y
CONFIG_USB_OHCI_PCI=y
CONFIG_USB_SERIAL=y
CONFIG_USB_SMARTCARD=y
CONFIG_USB_STORAGE_BOT=y
CONFIG_USB_STORAGE_CLASSIC=y
CONFIG_USB_STORAGE_CORE=y
CONFIG_USB_STORAGE_MTP=y
CONFIG_USB_STORAGE_UAS=y
CONFIG_USB_TABLET_WACOM=y
CONFIG_USB_U2F=y
CONFIG_USB_UHCI=y
CONFIG_USB_XHCI=y
CONFIG_USB_XHCI_NEC=y
CONFIG_USB_XHCI_PCI=y
CONFIG_VFIO=y
CONFIG_VFIO_PCI=y
CONFIG_VGA=y
CONFIG_VGA_CIRRUS=y
CONFIG_VGA_PCI=y
CONFIG_VHOST=y
CONFIG_VHOST_USER_BLK=y
CONFIG_VHOST_USER_GPU=y
CONFIG_VHOST_USER_INPUT=y
CONFIG_VHOST_USER_SCSI=y
CONFIG_VIRTIO=y
CONFIG_VIRTIO_9P=y
CONFIG_VIRTIO_BALLOON=y
CONFIG_VIRTIO_BLK=y
CONFIG_VIRTIO_CRYPTO=y
CONFIG_VIRTIO_GPU=y
CONFIG_VIRTIO_INPUT=y
CONFIG_VIRTIO_INPUT_HOST=y
CONFIG_VIRTIO_IOMMU=y
CONFIG_VIRTIO_MMIO=y
CONFIG_VIRTIO_NET=y
CONFIG_VIRTIO_PCI=y
CONFIG_VIRTIO_RNG=y
CONFIG_VIRTIO_SCSI=y
CONFIG_VIRTIO_SERIAL=y
CONFIG_VMWARE_VGA=y
CONFIG_VMW_PVSCSI_SCSI_PCI=y
CONFIG_VMXNET3_PCI=y
CONFIG_WDT_IB6300ESB=y
CONFIG_XIO3130=y

--- stderr ---


Reading depfile: /home/ldeng/qemu_riscv_linux/qemu-6.0.0/build/meson-private/riscv64-softmmu-config-devices.mak.d
Configuring riscv64-softmmu-config-devices.h using configuration
Pkg-config binary for MachineChoice.HOST is cached.
Determining dependency 'capstone' with pkg-config executable '/usr/bin/pkg-config'
PKG_CONFIG_PATH: 
Called `/usr/bin/pkg-config --modversion capstone` -> 1

Run-time dependency capstone found: NO (tried pkgconfig)
Configuring capstone-defs.h using configuration
Pkg-config binary for MachineChoice.HOST is cached.
Determining dependency 'slirp' with pkg-config executable '/usr/bin/pkg-config'
PKG_CONFIG_PATH: 
Called `/usr/bin/pkg-config --modversion slirp` -> 0
4.1.0
PKG_CONFIG_PATH: 
Called `/usr/bin/pkg-config --cflags slirp` -> 0
-I/usr/include/slirp -I/usr/include/glib-2.0 -I/usr/lib/x86_64-linux-gnu/glib-2.0/include
PKG_CONFIG_PATH: 
Called `/usr/bin/pkg-config slirp --libs` -> 0
-L/usr/lib/x86_64-linux-gnu -lslirp -lglib-2.0
PKG_CONFIG_PATH: 
Called `/usr/bin/pkg-config slirp --libs` -> 0
-lslirp -lglib-2.0
None of 'PKG_CONFIG_PATH' are defined in the environment, not changing global flags.
Run-time dependency slirp found: YES 4.1.0
None of 'CC_LD' are defined in the environment, not changing global flags.
Running compile:
Working directory:  /home/ldeng/qemu_riscv_linux/qemu-6.0.0/build/meson-private/tmpuyxma1nl
Command line:  cc /home/ldeng/qemu_riscv_linux/qemu-6.0.0/build/meson-private/tmpuyxma1nl/testfile.c -o /home/ldeng/qemu_riscv_linux/qemu-6.0.0/build/meson-private/tmpuyxma1nl/output.exe -pipe -D_FILE_OFFSET_BITS=64 -O0 -Wl,--start-group -lfdt -Wl,--end-group -Wl,--allow-shlib-undefined 

Code:
 int main(void) { return 0; }

Compiler stdout:
 
Compiler stderr:
 /usr/bin/ld: cannot find -lfdt
collect2: error: ld returned 1 exit status

Library fdt found: NO
Configuring config-host.h using configuration
Program scripts/hxtool found: YES
Program scripts/shaderinclude.pl found: YES
Program scripts/qapi-gen.py found: YES
Program scripts/qemu-version.sh found: YES

Executing subproject libvhost-user method meson 

None of 'PKG_CONFIG_PATH' are defined in the environment, not changing global flags.
None of 'PKG_CONFIG_PATH' are defined in the environment, not changing global flags.
Project name: libvhost-user
Project version: undefined
C compiler for the build machine: cc (gcc 9.4.0 "cc (Ubuntu 9.4.0-1ubuntu1~20.04.2) 9.4.0")
C linker for the build machine: cc ld.bfd 2.34
C compiler for the host machine: cc (gcc 9.4.0 "cc (Ubuntu 9.4.0-1ubuntu1~20.04.2) 9.4.0")
C linker for the host machine: cc ld.bfd 2.34
Run-time dependency threads found: YES
Dependency glib-2.0 found: YES 6.0.0 (overridden)
Build targets in project: 10
Subproject libvhost-user finished.

Dependency threads found: YES unknown (cached)
Program keycodemapdb/tools/keymap-gen found: YES
Program scripts/decodetree.py found: YES
Running command: /usr/bin/sh -c cd $MESON_SOURCE_ROOT/$MESON_SUBDIR ; ls -1 core-*.c
--- stdout ---
core-dc232b.c
core-dc233c.c
core-de212.c
core-de233_fpu.c
core-dsp3400.c
core-fsf.c
core-sample_controller.c
core-test_kc705_be.c
core-test_mmuhifi_c3.c

--- stderr ---


Program ../scripts/modules/module_block.py found: YES
Program ../scripts/block-coroutine-wrapper.py found: YES
Program nm found: YES
Program scripts/undefsym.py found: YES
Program scripts/feature_to_c.sh found: YES
Program qemu-keymap found: NO
Program sphinx-build-3 sphinx-build found: NO
Program python3 found: YES (/usr/bin/python3)
Adding benchmark "benchmark-crypto-hash"
Adding benchmark "benchmark-crypto-hmac"
Adding benchmark "benchmark-crypto-cipher"
Adding test "decodetree"
Adding test "fp-test-float-to-float"
Adding test "fp-test-int-to-float"
Adding test "fp-test-uint-to-float"
Adding test "fp-test-float-to-int"
Adding test "fp-test-float-to-uint"
Adding test "fp-test-round-to-integer"
Adding test "fp-test-eq_signaling"
Adding test "fp-test-le"
Adding test "fp-test-le_quiet"
Adding test "fp-test-lt_quiet"
Adding test "fp-test-add"
Adding test "fp-test-sub"
Adding test "fp-test-mul"
Adding test "fp-test-div"
Adding test "fp-test-rem"
Adding test "fp-test-sqrt"
Adding test "fp-test-mulAdd"
Adding test "check-block-qdict"
Adding test "check-qdict"
Adding test "check-qnum"
Adding test "check-qstring"
Adding test "check-qlist"
Adding test "check-qnull"
Adding test "check-qobject"
Adding test "check-qjson"
Adding test "check-qlit"
Adding test "test-qobject-output-visitor"
Adding test "test-clone-visitor"
Adding test "test-qobject-input-visitor"
Adding test "test-string-input-visitor"
Adding test "test-string-output-visitor"
Adding test "test-opts-visitor"
Adding test "test-visitor-serialization"
Adding test "test-bitmap"
Adding test "test-x86-cpuid"
Adding test "test-cutils"
Adding test "test-shift128"
Adding test "test-mul64"
Adding test "test-int128"
Adding test "rcutorture"
Adding test "test-rcu-list"
Adding test "test-rcu-simpleq"
Adding test "test-rcu-tailq"
Adding test "test-rcu-slist"
Adding test "test-qdist"
Adding test "test-qht"
Adding test "test-bitops"
Adding test "test-bitcnt"
Adding test "test-qgraph"
Adding test "check-qom-interface"
Adding test "check-qom-proplist"
Adding test "test-qemu-opts"
Adding test "test-keyval"
Adding test "test-logging"
Adding test "test-uuid"
Adding test "ptimer-test"
Adding test "test-qapi-util"
Adding test "test-qmp-event"
Adding test "test-coroutine"
Adding test "test-aio"
Adding test "test-aio-multithread"
Adding test "test-throttle"
Adding test "test-thread-pool"
Adding test "test-hbitmap"
Adding test "test-bdrv-drain"
Adding test "test-bdrv-graph-mod"
Adding test "test-blockjob"
Adding test "test-blockjob-txn"
Adding test "test-block-backend"
Adding test "test-block-iothread"
Adding test "test-write-threshold"
Adding test "test-crypto-hash"
Adding test "test-crypto-hmac"
Adding test "test-crypto-cipher"
Adding test "test-crypto-secret"
Adding test "test-authz-simple"
Adding test "test-authz-list"
Adding test "test-authz-listfile"
Adding test "test-io-task"
Adding test "test-io-channel-socket"
Adding test "test-io-channel-file"
Adding test "test-io-channel-command"
Adding test "test-io-channel-buffer"
Adding test "test-crypto-ivgen"
Adding test "test-crypto-afsplit"
Adding test "test-crypto-block"
Adding test "test-crypto-xts"
Adding test "test-image-locking"
Adding test "test-replication"
Adding test "test-fdmon-epoll"
Adding test "test-iov"
Adding test "test-qmp-cmds"
Adding test "test-xbzrle"
Adding test "test-timed-average"
Adding test "test-util-sockets"
Adding test "test-base64"
Adding test "test-bufferiszero"
Adding test "test-vmstate"
Adding test "test-yank"
Adding test "test-util-filemonitor"
Adding test "test-char"
Adding test "test-qdev-global-props"
Adding test "test-qga"
Adding test "QAPI schema regression tests"
Program diff found: YES
Program dbus-daemon found: YES
Adding test "qtest-riscv64/fuzz-megasas-test"
Adding test "qtest-riscv64/fuzz-virtio-scsi-test"
Adding test "qtest-riscv64/cdrom-test"
Adding test "qtest-riscv64/device-introspect-test"
Adding test "qtest-riscv64/machine-none-test"
Adding test "qtest-riscv64/qmp-test"
Adding test "qtest-riscv64/qmp-cmd-test"
Adding test "qtest-riscv64/qom-test"
Adding test "qtest-riscv64/test-hmp"
Adding test "qtest-riscv64/qos-test"
Program initrd-stress.sh found: YES
Program xgettext found: YES
Build targets in project: 396

qemu 6.0.0

  Directories
                   Install prefix: /usr/local
                   BIOS directory: share/qemu
                    firmware path: /usr/local/share/qemu-firmware
                 binary directory: bin
                library directory: lib
                 module directory: lib/qemu
                libexec directory: libexec
                include directory: include
                 config directory: /usr/local/etc
            local state directory: /usr/local/var
                 Manual directory: share/man
                    Doc directory: /usr/local/share/doc
                  Build directory: /home/ldeng/qemu_riscv_linux/qemu-6.0.0/build
                      Source path: /home/ldeng/qemu_riscv_linux/qemu-6.0.0
                   GIT submodules: ui/keycodemapdb tests/fp/berkeley-testfloat-3 tests/fp/berkeley-softfloat-3 meson dtc capstone slirp

  Host binaries
                              git: git
                             make: make
                           python: /usr/bin/python3 (version: 3.8)
                     sphinx-build: NO
                              gdb: /usr/bin/gdb
                      genisoimage: /usr/bin/genisoimage
                             smbd: "/usr/sbin/smbd"

  Configurable features
                    Documentation: NO
            system-mode emulation: YES
              user-mode emulation: NO
                      block layer: YES
                    Install blobs: YES
                   module support: NO
                   plugin support: NO
                  fuzzing support: NO
                    Audio drivers: pa oss
                   Trace backends: log
                    QOM debugging: YES
             vhost-kernel support: YES
                vhost-net support: YES
             vhost-crypto support: YES
               vhost-scsi support: YES
              vhost-vsock support: YES
               vhost-user support: YES
    vhost-user-blk server support: YES
            vhost-user-fs support: YES
               vhost-vdpa support: YES
                build guest agent: YES

  Compilation
                         host CPU: x86_64
                  host endianness: little
                       C compiler: cc
                  Host C compiler: cc
                     C++ compiler: c++
                          ARFLAGS: rv
                           CFLAGS: -O0 -g
                         CXXFLAGS: -O0 -g
                      QEMU_CFLAGS: -m64 -mcx16 -D_GNU_SOURCE -D_FILE_OFFSET_BITS=64 -D_LARGEFILE_SOURCE -Wstrict-prototypes -Wredundant-decls -Wundef -Wwrite-strings -Wmissing-prototypes -fno-strict-aliasing -fno-common -fwrapv  -Wold-style-declaration -Wold-style-definition -Wtype-limits -Wformat-security -Wformat-y2k -Winit-self -Wignored-qualifiers -Wempty-body -Wnested-externs -Wendif-labels -Wexpansion-to-defined -Wimplicit-fallthrough=2 -Wno-missing-include-dirs -Wno-shift-negative-value -Wno-psabi -fstack-protector-strong
                     QEMU_LDFLAGS: -Wl,--warn-common -Wl,-z,relro -Wl,-z,now -m64  -fstack-protector-strong
                         profiler: NO
     link-time optimization (LTO): NO
                              PIE: YES
                     static build: NO
              malloc trim support: YES
                       membarrier: NO
                   preadv support: YES
                        fdatasync: YES
                          madvise: YES
                    posix_madvise: YES
                   posix_memalign: YES
                debug stack usage: NO
                  mutex debugging: YES
                 memory allocator: system
                avx2 optimization: YES
             avx512f optimization: NO
                    gprof enabled: NO
                             gcov: NO
                 thread sanitizer: NO
                      CFI support: NO
                   strip binaries: NO
                           sparse: NO
                  mingw32 support: NO

  Targets and accelerators
                      KVM support: NO
                      HAX support: NO
                      HVF support: NO
                     WHPX support: NO
                      Xen support: NO
                      TCG support: YES
                      TCG backend: native (x86_64)
                TCG debug enabled: YES
                      target list: riscv64-softmmu
                  default devices: YES
         out of process emulation: YES

  Block layer support
                coroutine backend: ucontext
                   coroutine pool: YES
             Block whitelist (rw): 
             Block whitelist (ro): 
                   VirtFS support: YES
            build virtiofs daemon: NO
             Live block migration: YES
              replication support: YES
                    bochs support: YES
                    cloop support: YES
                      dmg support: YES
                  qcow v1 support: YES
                      vdi support: YES
                    vvfat support: YES
                      qed support: YES
                parallels support: YES
                 sheepdog support: NO
                     FUSE exports: NO

  Crypto
                     TLS priority: "NORMAL"
                   GNUTLS support: NO
                        libgcrypt: NO
                           nettle: NO
                     crypto afalg: NO
                         rng-none: NO
                    Linux keyring: YES

  Dependencies
                      SDL support: YES
                SDL image support: NO
                      GTK support: YES
                           pixman: YES
                      VTE support: NO
                    slirp support: system
                         libtasn1: NO
                              PAM: NO
                    iconv support: YES
                   curses support: NO
                    virgl support: NO
                     curl support: NO
                Multipath support: NO
                      VNC support: YES
                 VNC SASL support: NO
                 VNC JPEG support: NO
                  VNC PNG support: YES
                   brlapi support: NO
                      vde support: NO
                   netmap support: NO
                Linux AIO support: NO
           Linux io_uring support: NO
               ATTR/XATTR support: YES
                     RDMA support: NO
                   PVRDMA support: NO
                      fdt support: internal
                libcap-ng support: YES
                    spice support: NO
                      rbd support: NO
                   xfsctl support: NO
                smartcard support: NO
                      U2F support: NO
                           libusb: NO
                    usb net redir: NO
                   OpenGL support: YES
                              GBM: NO
                 libiscsi support: NO
                   libnfs support: NO
                  seccomp support: NO
                GlusterFS support: NO
                      TPM support: YES
                   libssh support: NO
                      lzo support: NO
                   snappy support: NO
                    bzip2 support: NO
                    lzfse support: NO
                     zstd support: NO
                NUMA host support: NO
                          libxml2: NO
                         capstone: internal
                  libpmem support: NO
                libdaxctl support: NO
                          libudev: YES
                       FUSE lseek: NO

  Subprojects
                    libvhost-user: YES

Found ninja-1.10.0 at /usr/bin/ninja
Running compile:
Working directory:  /home/ldeng/qemu_riscv_linux/qemu-6.0.0/build/meson-private/tmpbl4b5f3m
Command line:  cc /home/ldeng/qemu_riscv_linux/qemu-6.0.0/build/meson-private/tmpbl4b5f3m/testfile.c -o /home/ldeng/qemu_riscv_linux/qemu-6.0.0/build/meson-private/tmpbl4b5f3m/output.obj -pipe -c -D_FILE_OFFSET_BITS=64 -O0 --print-search-dirs 

Code:
 
Compiler stdout:
 install: /usr/lib/gcc/x86_64-linux-gnu/9/
programs: =/usr/lib/gcc/x86_64-linux-gnu/9/:/usr/lib/gcc/x86_64-linux-gnu/9/:/usr/lib/gcc/x86_64-linux-gnu/:/usr/lib/gcc/x86_64-linux-gnu/9/:/usr/lib/gcc/x86_64-linux-gnu/:/usr/lib/gcc/x86_64-linux-gnu/9/../../../../x86_64-linux-gnu/bin/x86_64-linux-gnu/9/:/usr/lib/gcc/x86_64-linux-gnu/9/../../../../x86_64-linux-gnu/bin/x86_64-linux-gnu/:/usr/lib/gcc/x86_64-linux-gnu/9/../../../../x86_64-linux-gnu/bin/
libraries: =/usr/lib/gcc/x86_64-linux-gnu/9/:/usr/lib/gcc/x86_64-linux-gnu/9/../../../../x86_64-linux-gnu/lib/x86_64-linux-gnu/9/:/usr/lib/gcc/x86_64-linux-gnu/9/../../../../x86_64-linux-gnu/lib/x86_64-linux-gnu/:/usr/lib/gcc/x86_64-linux-gnu/9/../../../../x86_64-linux-gnu/lib/../lib/:/usr/lib/gcc/x86_64-linux-gnu/9/../../../x86_64-linux-gnu/9/:/usr/lib/gcc/x86_64-linux-gnu/9/../../../x86_64-linux-gnu/:/usr/lib/gcc/x86_64-linux-gnu/9/../../../../lib/:/lib/x86_64-linux-gnu/9/:/lib/x86_64-linux-gnu/:/lib/../lib/:/usr/lib/x86_64-linux-gnu/9/:/usr/lib/x86_64-linux-gnu/:/usr/lib/../lib/:/usr/lib/gcc/x86_64-linux-gnu/9/../../../../x86_64-linux-gnu/lib/:/usr/lib/gcc/x86_64-linux-gnu/9/../../../:/lib/:/usr/lib/

Compiler stderr:
 
Command line for building ['libcommon.fa'] is long, using a response file
